\BOOKMARK [0][-]{chapter.1}{\376\377\0001\000\040\000R\000E\000A\000D\000M\000E}{}% 1
\BOOKMARK [0][-]{chapter.2}{\376\377\0002\000\040\000H\000i\000e\000r\000a\000r\000c\000h\000i\000c\000a\000l\000\040\000I\000n\000d\000e\000x}{}% 2
\BOOKMARK [1][-]{section.2.1}{\376\377\0002\000.\0001\000\040\000C\000l\000a\000s\000s\000\040\000H\000i\000e\000r\000a\000r\000c\000h\000y}{chapter.2}% 3
\BOOKMARK [0][-]{chapter.3}{\376\377\0003\000\040\000C\000l\000a\000s\000s\000\040\000I\000n\000d\000e\000x}{}% 4
\BOOKMARK [1][-]{section.3.1}{\376\377\0003\000.\0001\000\040\000C\000l\000a\000s\000s\000\040\000L\000i\000s\000t}{chapter.3}% 5
\BOOKMARK [0][-]{chapter.4}{\376\377\0004\000\040\000F\000i\000l\000e\000\040\000I\000n\000d\000e\000x}{}% 6
\BOOKMARK [1][-]{section.4.1}{\376\377\0004\000.\0001\000\040\000F\000i\000l\000e\000\040\000L\000i\000s\000t}{chapter.4}% 7
\BOOKMARK [0][-]{chapter.5}{\376\377\0005\000\040\000C\000l\000a\000s\000s\000\040\000D\000o\000c\000u\000m\000e\000n\000t\000a\000t\000i\000o\000n}{}% 8
\BOOKMARK [1][-]{section.5.1}{\376\377\0005\000.\0001\000\040\000E\000s\000t\000a\000t\000i\000s\000t\000i\000c\000a\000s\000\040\000C\000l\000a\000s\000s\000\040\000R\000e\000f\000e\000r\000e\000n\000c\000e}{chapter.5}% 9
\BOOKMARK [2][-]{subsection.5.1.1}{\376\377\0005\000.\0001\000.\0001\000\040\000D\000e\000t\000a\000i\000l\000e\000d\000\040\000D\000e\000s\000c\000r\000i\000p\000t\000i\000o\000n}{section.5.1}% 10
\BOOKMARK [2][-]{subsection.5.1.2}{\376\377\0005\000.\0001\000.\0002\000\040\000C\000o\000n\000s\000t\000r\000u\000c\000t\000o\000r\000\040\000\046\000\040\000D\000e\000s\000t\000r\000u\000c\000t\000o\000r\000\040\000D\000o\000c\000u\000m\000e\000n\000t\000a\000t\000i\000o\000n}{section.5.1}% 11
\BOOKMARK [3][-]{subsubsection.5.1.2.1}{\376\377\0005\000.\0001\000.\0002\000.\0001\000\040\000E\000s\000t\000a\000t\000i\000s\000t\000i\000c\000a\000s\000\050\000\051}{subsection.5.1.2}% 12
\BOOKMARK [2][-]{subsection.5.1.3}{\376\377\0005\000.\0001\000.\0003\000\040\000M\000e\000m\000b\000e\000r\000\040\000F\000u\000n\000c\000t\000i\000o\000n\000\040\000D\000o\000c\000u\000m\000e\000n\000t\000a\000t\000i\000o\000n}{section.5.1}% 13
\BOOKMARK [3][-]{subsubsection.5.1.3.1}{\376\377\0005\000.\0001\000.\0003\000.\0001\000\040\000d\000e\000s\000s\000e\000r\000i\000a\000l\000i\000z\000a\000r\000\050\000\051}{subsection.5.1.3}% 14
\BOOKMARK [3][-]{subsubsection.5.1.3.2}{\376\377\0005\000.\0001\000.\0003\000.\0002\000\040\000g\000e\000t\000D\000e\000r\000r\000o\000t\000a\000s\000\050\000\051}{subsection.5.1.3}% 15
\BOOKMARK [3][-]{subsubsection.5.1.3.3}{\376\377\0005\000.\0001\000.\0003\000.\0003\000\040\000g\000e\000t\000V\000i\000t\000o\000r\000i\000a\000s\000\050\000\051}{subsection.5.1.3}% 16
\BOOKMARK [3][-]{subsubsection.5.1.3.4}{\376\377\0005\000.\0001\000.\0003\000.\0004\000\040\000i\000m\000p\000r\000i\000m\000i\000r\000E\000s\000t\000a\000t\000i\000s\000t\000i\000c\000a\000s\000\050\000\051}{subsection.5.1.3}% 17
\BOOKMARK [3][-]{subsubsection.5.1.3.5}{\376\377\0005\000.\0001\000.\0003\000.\0005\000\040\000i\000n\000c\000r\000e\000m\000e\000n\000t\000a\000r\000D\000e\000r\000r\000o\000t\000a\000\050\000\051}{subsection.5.1.3}% 18
\BOOKMARK [3][-]{subsubsection.5.1.3.6}{\376\377\0005\000.\0001\000.\0003\000.\0006\000\040\000i\000n\000c\000r\000e\000m\000e\000n\000t\000a\000r\000V\000i\000t\000o\000r\000i\000a\000\050\000\051}{subsection.5.1.3}% 19
\BOOKMARK [3][-]{subsubsection.5.1.3.7}{\376\377\0005\000.\0001\000.\0003\000.\0007\000\040\000s\000e\000r\000i\000a\000l\000i\000z\000a\000r\000\050\000\051}{subsection.5.1.3}% 20
\BOOKMARK [1][-]{section.5.2}{\376\377\0005\000.\0002\000\040\000G\000e\000r\000e\000n\000c\000i\000a\000d\000o\000r\000D\000e\000J\000o\000g\000o\000s\000\040\000C\000l\000a\000s\000s\000\040\000R\000e\000f\000e\000r\000e\000n\000c\000e}{chapter.5}% 21
\BOOKMARK [2][-]{subsection.5.2.1}{\376\377\0005\000.\0002\000.\0001\000\040\000D\000e\000t\000a\000i\000l\000e\000d\000\040\000D\000e\000s\000c\000r\000i\000p\000t\000i\000o\000n}{section.5.2}% 22
\BOOKMARK [2][-]{subsection.5.2.2}{\376\377\0005\000.\0002\000.\0002\000\040\000M\000e\000m\000b\000e\000r\000\040\000F\000u\000n\000c\000t\000i\000o\000n\000\040\000D\000o\000c\000u\000m\000e\000n\000t\000a\000t\000i\000o\000n}{section.5.2}% 23
\BOOKMARK [3][-]{subsubsection.5.2.2.1}{\376\377\0005\000.\0002\000.\0002\000.\0001\000\040\000e\000x\000e\000c\000u\000t\000a\000r\000P\000a\000r\000t\000i\000d\000a\000\050\000\051}{subsection.5.2.2}% 24
\BOOKMARK [1][-]{section.5.3}{\376\377\0005\000.\0003\000\040\000J\000o\000g\000a\000d\000o\000r\000\040\000C\000l\000a\000s\000s\000\040\000R\000e\000f\000e\000r\000e\000n\000c\000e}{chapter.5}% 25
\BOOKMARK [2][-]{subsection.5.3.1}{\376\377\0005\000.\0003\000.\0001\000\040\000D\000e\000t\000a\000i\000l\000e\000d\000\040\000D\000e\000s\000c\000r\000i\000p\000t\000i\000o\000n}{section.5.3}% 26
\BOOKMARK [2][-]{subsection.5.3.2}{\376\377\0005\000.\0003\000.\0002\000\040\000C\000o\000n\000s\000t\000r\000u\000c\000t\000o\000r\000\040\000\046\000\040\000D\000e\000s\000t\000r\000u\000c\000t\000o\000r\000\040\000D\000o\000c\000u\000m\000e\000n\000t\000a\000t\000i\000o\000n}{section.5.3}% 27
\BOOKMARK [3][-]{subsubsection.5.3.2.1}{\376\377\0005\000.\0003\000.\0002\000.\0001\000\040\000J\000o\000g\000a\000d\000o\000r\000\050\000\051}{subsection.5.3.2}% 28
\BOOKMARK [2][-]{subsection.5.3.3}{\376\377\0005\000.\0003\000.\0003\000\040\000M\000e\000m\000b\000e\000r\000\040\000F\000u\000n\000c\000t\000i\000o\000n\000\040\000D\000o\000c\000u\000m\000e\000n\000t\000a\000t\000i\000o\000n}{section.5.3}% 29
\BOOKMARK [3][-]{subsubsection.5.3.3.1}{\376\377\0005\000.\0003\000.\0003\000.\0001\000\040\000d\000e\000s\000s\000e\000r\000i\000a\000l\000i\000z\000a\000r\000\050\000\051}{subsection.5.3.3}% 30
\BOOKMARK [3][-]{subsubsection.5.3.3.2}{\376\377\0005\000.\0003\000.\0003\000.\0002\000\040\000g\000e\000t\000A\000p\000e\000l\000i\000d\000o\000\050\000\051}{subsection.5.3.3}% 31
\BOOKMARK [3][-]{subsubsection.5.3.3.3}{\376\377\0005\000.\0003\000.\0003\000.\0003\000\040\000g\000e\000t\000N\000o\000m\000e\000\050\000\051}{subsection.5.3.3}% 32
\BOOKMARK [3][-]{subsubsection.5.3.3.4}{\376\377\0005\000.\0003\000.\0003\000.\0004\000\040\000i\000m\000p\000r\000i\000m\000i\000r\000E\000s\000t\000a\000t\000i\000s\000t\000i\000c\000a\000s\000\050\000\051}{subsection.5.3.3}% 33
\BOOKMARK [3][-]{subsubsection.5.3.3.5}{\376\377\0005\000.\0003\000.\0003\000.\0005\000\040\000i\000n\000c\000r\000e\000m\000e\000n\000t\000a\000r\000D\000e\000r\000r\000o\000t\000a\000\050\000\051}{subsection.5.3.3}% 34
\BOOKMARK [3][-]{subsubsection.5.3.3.6}{\376\377\0005\000.\0003\000.\0003\000.\0006\000\040\000i\000n\000c\000r\000e\000m\000e\000n\000t\000a\000r\000V\000i\000t\000o\000r\000i\000a\000\050\000\051}{subsection.5.3.3}% 35
\BOOKMARK [3][-]{subsubsection.5.3.3.7}{\376\377\0005\000.\0003\000.\0003\000.\0007\000\040\000s\000e\000r\000i\000a\000l\000i\000z\000a\000r\000\050\000\051}{subsection.5.3.3}% 36
\BOOKMARK [1][-]{section.5.4}{\376\377\0005\000.\0004\000\040\000J\000o\000g\000o\000D\000a\000V\000e\000l\000h\000a\000\040\000C\000l\000a\000s\000s\000\040\000R\000e\000f\000e\000r\000e\000n\000c\000e}{chapter.5}% 37
\BOOKMARK [1][-]{section.5.5}{\376\377\0005\000.\0005\000\040\000J\000o\000g\000o\000D\000e\000T\000a\000b\000u\000l\000e\000i\000r\000o\000\040\000C\000l\000a\000s\000s\000\040\000R\000e\000f\000e\000r\000e\000n\000c\000e}{chapter.5}% 38
\BOOKMARK [2][-]{subsection.5.5.1}{\376\377\0005\000.\0005\000.\0001\000\040\000D\000e\000t\000a\000i\000l\000e\000d\000\040\000D\000e\000s\000c\000r\000i\000p\000t\000i\000o\000n}{section.5.5}% 39
\BOOKMARK [2][-]{subsection.5.5.2}{\376\377\0005\000.\0005\000.\0002\000\040\000C\000o\000n\000s\000t\000r\000u\000c\000t\000o\000r\000\040\000\046\000\040\000D\000e\000s\000t\000r\000u\000c\000t\000o\000r\000\040\000D\000o\000c\000u\000m\000e\000n\000t\000a\000t\000i\000o\000n}{section.5.5}% 40
\BOOKMARK [3][-]{subsubsection.5.5.2.1}{\376\377\0005\000.\0005\000.\0002\000.\0001\000\040\000~\000J\000o\000g\000o\000D\000e\000T\000a\000b\000u\000l\000e\000i\000r\000o\000\050\000\051}{subsection.5.5.2}% 41
\BOOKMARK [2][-]{subsection.5.5.3}{\376\377\0005\000.\0005\000.\0003\000\040\000M\000e\000m\000b\000e\000r\000\040\000F\000u\000n\000c\000t\000i\000o\000n\000\040\000D\000o\000c\000u\000m\000e\000n\000t\000a\000t\000i\000o\000n}{section.5.5}% 42
\BOOKMARK [3][-]{subsubsection.5.5.3.1}{\376\377\0005\000.\0005\000.\0003\000.\0001\000\040\000i\000m\000p\000r\000i\000m\000i\000r\000T\000a\000b\000u\000l\000e\000i\000r\000o\000\050\000\051}{subsection.5.5.3}% 43
\BOOKMARK [3][-]{subsubsection.5.5.3.2}{\376\377\0005\000.\0005\000.\0003\000.\0002\000\040\000i\000n\000i\000c\000i\000a\000r\000J\000o\000g\000o\000\050\000\051}{subsection.5.5.3}% 44
\BOOKMARK [3][-]{subsubsection.5.5.3.3}{\376\377\0005\000.\0005\000.\0003\000.\0003\000\040\000j\000o\000g\000a\000d\000a\000V\000a\000l\000i\000d\000a\000\050\000\051}{subsection.5.5.3}% 45
\BOOKMARK [3][-]{subsubsection.5.5.3.4}{\376\377\0005\000.\0005\000.\0003\000.\0004\000\040\000r\000e\000a\000l\000i\000z\000a\000r\000J\000o\000g\000a\000d\000a\000\050\000\051}{subsection.5.5.3}% 46
\BOOKMARK [3][-]{subsubsection.5.5.3.5}{\376\377\0005\000.\0005\000.\0003\000.\0005\000\040\000t\000a\000b\000u\000l\000e\000i\000r\000o\000C\000h\000e\000i\000o\000\050\000\051}{subsection.5.5.3}% 47
\BOOKMARK [3][-]{subsubsection.5.5.3.6}{\376\377\0005\000.\0005\000.\0003\000.\0006\000\040\000v\000e\000r\000i\000f\000i\000c\000a\000r\000V\000i\000t\000o\000r\000i\000a\000\050\000\051}{subsection.5.5.3}% 48
\BOOKMARK [2][-]{subsection.5.5.4}{\376\377\0005\000.\0005\000.\0004\000\040\000M\000e\000m\000b\000e\000r\000\040\000D\000a\000t\000a\000\040\000D\000o\000c\000u\000m\000e\000n\000t\000a\000t\000i\000o\000n}{section.5.5}% 49
\BOOKMARK [3][-]{subsubsection.5.5.4.1}{\376\377\0005\000.\0005\000.\0004\000.\0001\000\040\000t\000a\000b\000u\000l\000e\000i\000r\000o}{subsection.5.5.4}% 50
\BOOKMARK [1][-]{section.5.6}{\376\377\0005\000.\0006\000\040\000L\000i\000g\0004\000\040\000C\000l\000a\000s\000s\000\040\000R\000e\000f\000e\000r\000e\000n\000c\000e}{chapter.5}% 51
\BOOKMARK [2][-]{subsection.5.6.1}{\376\377\0005\000.\0006\000.\0001\000\040\000D\000e\000t\000a\000i\000l\000e\000d\000\040\000D\000e\000s\000c\000r\000i\000p\000t\000i\000o\000n}{section.5.6}% 52
\BOOKMARK [2][-]{subsection.5.6.2}{\376\377\0005\000.\0006\000.\0002\000\040\000C\000o\000n\000s\000t\000r\000u\000c\000t\000o\000r\000\040\000\046\000\040\000D\000e\000s\000t\000r\000u\000c\000t\000o\000r\000\040\000D\000o\000c\000u\000m\000e\000n\000t\000a\000t\000i\000o\000n}{section.5.6}% 53
\BOOKMARK [3][-]{subsubsection.5.6.2.1}{\376\377\0005\000.\0006\000.\0002\000.\0001\000\040\000L\000i\000g\0004\000\050\000\051}{subsection.5.6.2}% 54
\BOOKMARK [2][-]{subsection.5.6.3}{\376\377\0005\000.\0006\000.\0003\000\040\000M\000e\000m\000b\000e\000r\000\040\000F\000u\000n\000c\000t\000i\000o\000n\000\040\000D\000o\000c\000u\000m\000e\000n\000t\000a\000t\000i\000o\000n}{section.5.6}% 55
\BOOKMARK [3][-]{subsubsection.5.6.3.1}{\376\377\0005\000.\0006\000.\0003\000.\0001\000\040\000i\000m\000p\000r\000i\000m\000i\000r\000T\000a\000b\000u\000l\000e\000i\000r\000o\000\050\000\051}{subsection.5.6.3}% 56
\BOOKMARK [3][-]{subsubsection.5.6.3.2}{\376\377\0005\000.\0006\000.\0003\000.\0002\000\040\000i\000n\000i\000c\000i\000a\000r\000J\000o\000g\000o\000\050\000\051}{subsection.5.6.3}% 57
\BOOKMARK [3][-]{subsubsection.5.6.3.3}{\376\377\0005\000.\0006\000.\0003\000.\0003\000\040\000j\000o\000g\000a\000d\000a\000V\000a\000l\000i\000d\000a\000\050\000\051}{subsection.5.6.3}% 58
\BOOKMARK [3][-]{subsubsection.5.6.3.4}{\376\377\0005\000.\0006\000.\0003\000.\0004\000\040\000r\000e\000a\000l\000i\000z\000a\000r\000J\000o\000g\000a\000d\000a\000\050\000\051}{subsection.5.6.3}% 59
\BOOKMARK [3][-]{subsubsection.5.6.3.5}{\376\377\0005\000.\0006\000.\0003\000.\0005\000\040\000t\000a\000b\000u\000l\000e\000i\000r\000o\000C\000h\000e\000i\000o\000\050\000\051}{subsection.5.6.3}% 60
\BOOKMARK [3][-]{subsubsection.5.6.3.6}{\376\377\0005\000.\0006\000.\0003\000.\0006\000\040\000v\000e\000r\000i\000f\000i\000c\000a\000r\000V\000i\000t\000o\000r\000i\000a\000\050\000\051}{subsection.5.6.3}% 61
\BOOKMARK [1][-]{section.5.7}{\376\377\0005\000.\0007\000\040\000L\000i\000s\000t\000a\000D\000e\000J\000o\000g\000a\000d\000o\000r\000e\000s\000\040\000C\000l\000a\000s\000s\000\040\000R\000e\000f\000e\000r\000e\000n\000c\000e}{chapter.5}% 62
\BOOKMARK [2][-]{subsection.5.7.1}{\376\377\0005\000.\0007\000.\0001\000\040\000D\000e\000t\000a\000i\000l\000e\000d\000\040\000D\000e\000s\000c\000r\000i\000p\000t\000i\000o\000n}{section.5.7}% 63
\BOOKMARK [2][-]{subsection.5.7.2}{\376\377\0005\000.\0007\000.\0002\000\040\000C\000o\000n\000s\000t\000r\000u\000c\000t\000o\000r\000\040\000\046\000\040\000D\000e\000s\000t\000r\000u\000c\000t\000o\000r\000\040\000D\000o\000c\000u\000m\000e\000n\000t\000a\000t\000i\000o\000n}{section.5.7}% 64
\BOOKMARK [3][-]{subsubsection.5.7.2.1}{\376\377\0005\000.\0007\000.\0002\000.\0001\000\040\000L\000i\000s\000t\000a\000D\000e\000J\000o\000g\000a\000d\000o\000r\000e\000s\000\050\000\051}{subsection.5.7.2}% 65
\BOOKMARK [3][-]{subsubsection.5.7.2.2}{\376\377\0005\000.\0007\000.\0002\000.\0002\000\040\000~\000L\000i\000s\000t\000a\000D\000e\000J\000o\000g\000a\000d\000o\000r\000e\000s\000\050\000\051}{subsection.5.7.2}% 66
\BOOKMARK [2][-]{subsection.5.7.3}{\376\377\0005\000.\0007\000.\0003\000\040\000M\000e\000m\000b\000e\000r\000\040\000F\000u\000n\000c\000t\000i\000o\000n\000\040\000D\000o\000c\000u\000m\000e\000n\000t\000a\000t\000i\000o\000n}{section.5.7}% 67
\BOOKMARK [3][-]{subsubsection.5.7.3.1}{\376\377\0005\000.\0007\000.\0003\000.\0001\000\040\000a\000d\000i\000c\000i\000o\000n\000a\000r\000J\000o\000g\000a\000d\000o\000r\000\050\000\051}{subsection.5.7.3}% 68
\BOOKMARK [3][-]{subsubsection.5.7.3.2}{\376\377\0005\000.\0007\000.\0003\000.\0002\000\040\000b\000u\000s\000c\000a\000r\000J\000o\000g\000a\000d\000o\000r\000\050\000\051}{subsection.5.7.3}% 69
\BOOKMARK [3][-]{subsubsection.5.7.3.3}{\376\377\0005\000.\0007\000.\0003\000.\0003\000\040\000c\000a\000r\000r\000e\000g\000a\000r\000D\000e\000A\000r\000q\000u\000i\000v\000o\000\050\000\051}{subsection.5.7.3}% 70
\BOOKMARK [3][-]{subsubsection.5.7.3.4}{\376\377\0005\000.\0007\000.\0003\000.\0004\000\040\000l\000i\000s\000t\000a\000r\000J\000o\000g\000a\000d\000o\000r\000e\000s\000\050\000\051}{subsection.5.7.3}% 71
\BOOKMARK [3][-]{subsubsection.5.7.3.5}{\376\377\0005\000.\0007\000.\0003\000.\0005\000\040\000r\000e\000m\000o\000v\000e\000r\000J\000o\000g\000a\000d\000o\000r\000\050\000\051}{subsection.5.7.3}% 72
\BOOKMARK [3][-]{subsubsection.5.7.3.6}{\376\377\0005\000.\0007\000.\0003\000.\0006\000\040\000s\000a\000l\000v\000a\000r\000E\000m\000A\000r\000q\000u\000i\000v\000o\000\050\000\051}{subsection.5.7.3}% 73
\BOOKMARK [1][-]{section.5.8}{\376\377\0005\000.\0008\000\040\000R\000e\000v\000e\000r\000s\000i\000\040\000C\000l\000a\000s\000s\000\040\000R\000e\000f\000e\000r\000e\000n\000c\000e}{chapter.5}% 74
\BOOKMARK [2][-]{subsection.5.8.1}{\376\377\0005\000.\0008\000.\0001\000\040\000D\000e\000t\000a\000i\000l\000e\000d\000\040\000D\000e\000s\000c\000r\000i\000p\000t\000i\000o\000n}{section.5.8}% 75
\BOOKMARK [2][-]{subsection.5.8.2}{\376\377\0005\000.\0008\000.\0002\000\040\000C\000o\000n\000s\000t\000r\000u\000c\000t\000o\000r\000\040\000\046\000\040\000D\000e\000s\000t\000r\000u\000c\000t\000o\000r\000\040\000D\000o\000c\000u\000m\000e\000n\000t\000a\000t\000i\000o\000n}{section.5.8}% 76
\BOOKMARK [3][-]{subsubsection.5.8.2.1}{\376\377\0005\000.\0008\000.\0002\000.\0001\000\040\000R\000e\000v\000e\000r\000s\000i\000\050\000\051}{subsection.5.8.2}% 77
\BOOKMARK [2][-]{subsection.5.8.3}{\376\377\0005\000.\0008\000.\0003\000\040\000M\000e\000m\000b\000e\000r\000\040\000F\000u\000n\000c\000t\000i\000o\000n\000\040\000D\000o\000c\000u\000m\000e\000n\000t\000a\000t\000i\000o\000n}{section.5.8}% 78
\BOOKMARK [3][-]{subsubsection.5.8.3.1}{\376\377\0005\000.\0008\000.\0003\000.\0001\000\040\000c\000o\000n\000t\000a\000r\000P\000e\000c\000a\000s\000\050\000\051}{subsection.5.8.3}% 79
\BOOKMARK [3][-]{subsubsection.5.8.3.2}{\376\377\0005\000.\0008\000.\0003\000.\0002\000\040\000i\000m\000p\000r\000i\000m\000i\000r\000T\000a\000b\000u\000l\000e\000i\000r\000o\000\050\000\051}{subsection.5.8.3}% 80
\BOOKMARK [3][-]{subsubsection.5.8.3.3}{\376\377\0005\000.\0008\000.\0003\000.\0003\000\040\000i\000n\000i\000c\000i\000a\000r\000J\000o\000g\000o\000\050\000\051}{subsection.5.8.3}% 81
\BOOKMARK [3][-]{subsubsection.5.8.3.4}{\376\377\0005\000.\0008\000.\0003\000.\0004\000\040\000j\000o\000g\000a\000d\000a\000V\000a\000l\000i\000d\000a\000\050\000\051}{subsection.5.8.3}% 82
\BOOKMARK [3][-]{subsubsection.5.8.3.5}{\376\377\0005\000.\0008\000.\0003\000.\0005\000\040\000r\000e\000a\000l\000i\000z\000a\000r\000J\000o\000g\000a\000d\000a\000\050\000\051}{subsection.5.8.3}% 83
\BOOKMARK [3][-]{subsubsection.5.8.3.6}{\376\377\0005\000.\0008\000.\0003\000.\0006\000\040\000t\000a\000b\000u\000l\000e\000i\000r\000o\000C\000h\000e\000i\000o\000\050\000\051}{subsection.5.8.3}% 84
\BOOKMARK [3][-]{subsubsection.5.8.3.7}{\376\377\0005\000.\0008\000.\0003\000.\0007\000\040\000v\000e\000r\000i\000f\000i\000c\000a\000r\000V\000i\000t\000o\000r\000i\000a\000\050\000\051}{subsection.5.8.3}% 85
\BOOKMARK [0][-]{chapter.6}{\376\377\0006\000\040\000F\000i\000l\000e\000\040\000D\000o\000c\000u\000m\000e\000n\000t\000a\000t\000i\000o\000n}{}% 86
\BOOKMARK [1][-]{section.6.1}{\376\377\0006\000.\0001\000\040\000e\000s\000t\000a\000t\000i\000s\000t\000i\000c\000a\000s\000.\000h\000p\000p}{chapter.6}% 87
\BOOKMARK [1][-]{section.6.2}{\376\377\0006\000.\0002\000\040\000g\000e\000r\000e\000n\000c\000i\000a\000d\000o\000r\000\137\000d\000e\000\137\000j\000o\000g\000o\000s\000.\000h\000p\000p}{chapter.6}% 88
\BOOKMARK [1][-]{section.6.3}{\376\377\0006\000.\0003\000\040\000j\000o\000g\000a\000d\000o\000r\000.\000h\000p\000p}{chapter.6}% 89
\BOOKMARK [1][-]{section.6.4}{\376\377\0006\000.\0004\000\040\000j\000o\000g\000o\000\137\000d\000a\000\137\000v\000e\000l\000h\000a\000.\000h\000p\000p}{chapter.6}% 90
\BOOKMARK [1][-]{section.6.5}{\376\377\0006\000.\0005\000\040\000j\000o\000g\000o\000s\000\137\000t\000a\000b\000u\000l\000e\000i\000r\000o\000.\000h\000p\000p}{chapter.6}% 91
\BOOKMARK [1][-]{section.6.6}{\376\377\0006\000.\0006\000\040\000l\000i\000g\0004\000.\000h\000p\000p}{chapter.6}% 92
\BOOKMARK [1][-]{section.6.7}{\376\377\0006\000.\0007\000\040\000l\000i\000s\000t\000a\000\137\000d\000e\000\137\000j\000o\000g\000a\000d\000o\000r\000e\000s\000.\000h\000p\000p}{chapter.6}% 93
\BOOKMARK [1][-]{section.6.8}{\376\377\0006\000.\0008\000\040\000r\000e\000v\000e\000r\000s\000i\000.\000h\000p\000p}{chapter.6}% 94
\BOOKMARK [0][-]{section*.16}{\376\377\000I\000n\000d\000e\000x}{}% 95
